<?xml version="1.0" encoding="UTF-8"?>
<!-- Generated by org.testng.reporters.JUnitReportReporter -->
<testsuite hostname="DESKTOP-SRRVDGO" failures="0" tests="2" name="example.tests.NewTest" time="0.158" errors="0" timestamp="2024-05-23T21:29:48 IST" skipped="0">
  <testcase classname="example.tests.NewTest" name="test1" time="0.099"/>
  <testcase classname="example.tests.NewTest" name="test2" time="0.059"/>
</testsuite> <!-- example.tests.NewTest -->
